<?xml version="1.0" encoding="UTF-8" ?>
<testsuites name="vitest tests" tests="2" failures="0" errors="0" time="0.646">
    <testsuite name="src/utils.test.ts" timestamp="2024-12-17T12:04:36.340Z" hostname="6a94fef2-3f08-464b-b01f-143c13937647.fritz.box" tests="1" failures="0" errors="0" skipped="0" time="0.001329417">
        <testcase classname="src/utils.test.ts" name="Utility Functions &gt; should return expected result" time="0.000649292">
        </testcase>
    </testsuite>
    <testsuite name="src/assets/svgs.test.ts" timestamp="2024-12-17T12:04:36.340Z" hostname="6a94fef2-3f08-464b-b01f-143c13937647.fritz.box" tests="1" failures="0" errors="0" skipped="0" time="0.001320291">
        <testcase classname="src/assets/svgs.test.ts" name="SVG Components &gt; should render correctly" time="0.000630791">
        </testcase>
    </testsuite>
</testsuites>
