<?xml version="1.0" encoding="UTF-8" ?>
<testsuites name="vitest tests" tests="2" failures="0" errors="0" time="0.659">
    <testsuite name="src/utils.test.ts" timestamp="2024-12-17T10:48:22.391Z" hostname="8578fc49-e9e2-4da3-8ffb-7fb88f657c90.fritz.box" tests="1" failures="0" errors="0" skipped="0" time="0.0012235">
        <testcase classname="src/utils.test.ts" name="Utility Functions &gt; should return expected result" time="0.000592375">
        </testcase>
    </testsuite>
    <testsuite name="src/assets/svgs.test.ts" timestamp="2024-12-17T10:48:22.392Z" hostname="8578fc49-e9e2-4da3-8ffb-7fb88f657c90.fritz.box" tests="1" failures="0" errors="0" skipped="0" time="0.00147175">
        <testcase classname="src/assets/svgs.test.ts" name="SVG Components &gt; should render correctly" time="0.000736541">
        </testcase>
    </testsuite>
</testsuites>
